<?xml version="1.0" encoding="UTF-8"?>
<!-- Generated by org.testng.reporters.JUnitReportReporter -->
<testsuite hostname="Parsams-MacBook-Air.local" failures="0" tests="6" name="com.qa.tests.LoginPageTest" time="46.900" errors="0" timestamp="30 May 2021 09:11:02 GMT" skipped="0">
  <testcase classname="com.qa.tests.LoginPageTest" name="isUserNameInputBoxDisplayedTest" time="7.896"/>
  <testcase classname="com.qa.tests.LoginPageTest" name="isPasswordInputBoxDisplayedTest" time="9.415"/>
  <testcase classname="com.qa.tests.LoginPageTest" name="isCheckMeOutCheckboxDisplayedTest" time="6.840"/>
  <testcase classname="com.qa.tests.LoginPageTest" name="isLoginbtnDisplayedTest" time="6.213"/>
  <testcase classname="com.qa.tests.LoginPageTest" name="isLoginBtnDisabledUntilUserSelectsCheckboxTest" time="9.534"/>
  <testcase classname="com.qa.tests.LoginPageTest" name="isLoginBtnEnabledAfterUserSelectsCheckboxTest" time="7.002"/>
</testsuite> <!-- com.qa.tests.LoginPageTest -->
