<?xml version="1.0" encoding="UTF-8"?>
<!-- Generated by org.testng.reporters.JUnitReportReporter -->
<testsuite hostname="Parsams-MacBook-Air.local" failures="0" tests="5" name="com.qa.tests.HomePageTest" time="63.897" errors="0" timestamp="30 May 2021 09:11:02 GMT" skipped="0">
  <testcase classname="com.qa.tests.HomePageTest" name="isBankNameInputBoxDisplayedTest" time="15.667"/>
  <testcase classname="com.qa.tests.HomePageTest" name="isBankIfscInputBoxDisplayedTest" time="11.792"/>
  <testcase classname="com.qa.tests.HomePageTest" name="isBankAccountNoInputBoxDisplayedTest" time="11.063"/>
  <testcase classname="com.qa.tests.HomePageTest" name="isBankAccountHolderNameInputBoxDisplayedTest" time="12.555"/>
  <testcase classname="com.qa.tests.HomePageTest" name="isSubmitKycBtnDisplayedTest" time="12.820"/>
</testsuite> <!-- com.qa.tests.HomePageTest -->
